# JRE version: Java(TM) SE Runtime Environment (9.0+11) (build 9.0.4+11)
# Java VM: Java HotSpot(TM) 64-Bit Server VM (9.0.4+11, mixed mode, tiered, compressed oops, g1 gc, windows-amd64)
Heap:
 garbage-first heap   total 232448K, used 78734K [0x0000000700000000, 0x0000000700100718, 0x00000007c0000000)
  region size 1024K, 8 young (8192K), 2 survivors (2048K)
 Metaspace       used 86424K, capacity 90191K, committed 94720K, reserved 1130496K
  class space    used 11346K, capacity 12056K, committed 13056K, reserved 1048576K
GC Heap History (10 events):
Event: 4117.673 GC heap before
{Heap before GC invocations=366 (full 57):
 garbage-first heap   total 232448K, used 132884K [0x0000000700000000, 0x0000000700100718, 0x00000007c0000000)
  region size 1024K, 60 young (61440K), 2 survivors (2048K)
 Metaspace       used 86403K, capacity 90127K, committed 94720K, reserved 1130496K
  class space    used 11340K, capacity 12056K, committed 13056K, reserved 1048576K
}
Event: 4117.675 GC heap after
{Heap after GC invocations=367 (full 57):
 garbage-first heap   total 232448K, used 73410K [0x0000000700000000, 0x0000000700100718, 0x00000007c0000000)
  region size 1024K, 2 young (2048K), 2 survivors (2048K)
 Metaspace       used 86403K, capacity 90127K, committed 94720K, reserved 1130496K
  class space    used 11340K, capacity 12056K, committed 13056K, reserved 1048576K
}
Event: 4119.024 GC heap before
{Heap before GC invocations=367 (full 57):
 garbage-first heap   total 232448K, used 132802K [0x0000000700000000, 0x0000000700100718, 0x00000007c0000000)
  region size 1024K, 60 young (61440K), 2 survivors (2048K)
 Metaspace       used 86408K, capacity 90127K, committed 94720K, reserved 1130496K
  class space    used 11340K, capacity 12056K, committed 13056K, reserved 1048576K
}
Event: 4119.027 GC heap after
{Heap after GC invocations=368 (full 57):
 garbage-first heap   total 232448K, used 74288K [0x0000000700000000, 0x0000000700100718, 0x00000007c0000000)
  region size 1024K, 3 young (3072K), 3 survivors (3072K)
 Metaspace       used 86408K, capacity 90127K, committed 94720K, reserved 1130496K
  class space    used 11340K, capacity 12056K, committed 13056K, reserved 1048576K
}
Event: 4122.018 GC heap before
{Heap before GC invocations=368 (full 57):
 garbage-first heap   total 232448K, used 132656K [0x0000000700000000, 0x0000000700100718, 0x00000007c0000000)
  region size 1024K, 60 young (61440K), 3 survivors (3072K)
 Metaspace       used 86423K, capacity 90191K, committed 94720K, reserved 1130496K
  class space    used 11346K, capacity 12056K, committed 13056K, reserved 1048576K
}
Event: 4122.021 GC heap after
{Heap after GC invocations=369 (full 57):
 garbage-first heap   total 232448K, used 73578K [0x0000000700000000, 0x0000000700100718, 0x00000007c0000000)
  region size 1024K, 2 young (2048K), 2 survivors (2048K)
 Metaspace       used 86423K, capacity 90191K, committed 94720K, reserved 1130496K
  class space    used 11346K, capacity 12056K, committed 13056K, reserved 1048576K
}
Event: 4123.386 GC heap before
{Heap before GC invocations=369 (full 57):
 garbage-first heap   total 232448K, used 132970K [0x0000000700000000, 0x0000000700100718, 0x00000007c0000000)
  region size 1024K, 60 young (61440K), 2 survivors (2048K)
 Metaspace       used 86424K, capacity 90191K, committed 94720K, reserved 1130496K
  class space    used 11346K, capacity 12056K, committed 13056K, reserved 1048576K
}
Event: 4123.388 GC heap after
{Heap after GC invocations=370 (full 57):
 garbage-first heap   total 232448K, used 73723K [0x0000000700000000, 0x0000000700100718, 0x00000007c0000000)
  region size 1024K, 2 young (2048K), 2 survivors (2048K)
 Metaspace       used 86424K, capacity 90191K, committed 94720K, reserved 1130496K
  class space    used 11346K, capacity 12056K, committed 13056K, reserved 1048576K
}
Event: 4123.540 GC heap before
{Heap before GC invocations=370 (full 57):
 garbage-first heap   total 232448K, used 133115K [0x0000000700000000, 0x0000000700100718, 0x00000007c0000000)
  region size 1024K, 60 young (61440K), 2 survivors (2048K)
 Metaspace       used 86424K, capacity 90191K, committed 94720K, reserved 1130496K
  class space    used 11346K, capacity 12056K, committed 13056K, reserved 1048576K
}
Event: 4123.543 GC heap after
{Heap after GC invocations=371 (full 57):
 garbage-first heap   total 232448K, used 73614K [0x0000000700000000, 0x0000000700100718, 0x00000007c0000000)
  region size 1024K, 2 young (2048K), 2 survivors (2048K)
 Metaspace       used 86424K, capacity 90191K, committed 94720K, reserved 1130496K
  class space    used 11346K, capacity 12056K, committed 13056K, reserved 1048576K
}

